In file included from ../src/bufferutil.cc:17:
../node_modules/nan/nan.h:43:3: error: #error This version of node/NAN/v8 requires a C++11 compiler
In file included from ../src/bufferutil.cc:8:
/home/nicholas.carter/.node-gyp/4.0.0/include/node/v8.h:336: error: expected unqualified-id before ‘using’
/home/nicholas.carter/.node-gyp/4.0.0/include/node/v8.h: In constructor ‘v8::MaybeLocal<T>::MaybeLocal()’:
/home/nicholas.carter/.node-gyp/4.0.0/include/node/v8.h:353: error: ‘nullptr’ was not declared in this scope
/home/nicholas.carter/.node-gyp/4.0.0/include/node/v8.h: In member function ‘bool v8::MaybeLocal<T>::IsEmpty() const’:
/home/nicholas.carter/.node-gyp/4.0.0/include/node/v8.h:360: error: ‘nullptr’ was not declared in this scope
/home/nicholas.carter/.node-gyp/4.0.0/include/node/v8.h: In member function ‘bool v8::MaybeLocal<T>::ToLocal(v8::Local<S>*) const’:
/home/nicholas.carter/.node-gyp/4.0.0/include/node/v8.h:364: error: ‘nullptr’ was not declared in this scope
/home/nicholas.carter/.node-gyp/4.0.0/include/node/v8.h: In member function ‘bool v8::WeakCallbackInfo<T>::IsFirstPass() const’:
/home/nicholas.carter/.node-gyp/4.0.0/include/node/v8.h:430: error: ‘nullptr’ was not declared in this scope
/home/nicholas.carter/.node-gyp/4.0.0/include/node/v8.h: At global scope:
/home/nicholas.carter/.node-gyp/4.0.0/include/node/v8.h:469: error: expected unqualified-id before ‘using’
/home/nicholas.carter/.node-gyp/4.0.0/include/node/v8.h: In constructor ‘v8::Global<T>::Global()’:
/home/nicholas.carter/.node-gyp/4.0.0/include/node/v8.h:790: error: ‘nullptr’ was not declared in this scope
/home/nicholas.carter/.node-gyp/4.0.0/include/node/v8.h: In constructor ‘v8::Global<T>::Global(v8::Global<T>&&)’:
/home/nicholas.carter/.node-gyp/4.0.0/include/node/v8.h:815: error: ‘nullptr’ was not declared in this scope
/home/nicholas.carter/.node-gyp/4.0.0/include/node/v8.h: In member function ‘v8::Global<T>& v8::Global<T>::operator=(v8::Global<S>&&)’:
/home/nicholas.carter/.node-gyp/4.0.0/include/node/v8.h:827: error: ‘nullptr’ was not declared in this scope
/home/nicholas.carter/.node-gyp/4.0.0/include/node/v8.h: At global scope:
/home/nicholas.carter/.node-gyp/4.0.0/include/node/v8.h:852: error: expected unqualified-id before ‘using’
/home/nicholas.carter/.node-gyp/4.0.0/include/node/v8.h:1089: error: ‘nullptr’ was not declared in this scope
/home/nicholas.carter/.node-gyp/4.0.0/include/node/v8.h:1095: error: ‘nullptr’ was not declared in this scope
/home/nicholas.carter/.node-gyp/4.0.0/include/node/v8.h: In member function ‘v8::MaybeLocal<v8::Object> v8::Function::NewInstance(v8::Local<v8::Context>) const’:
/home/nicholas.carter/.node-gyp/4.0.0/include/node/v8.h:3205: error: ‘nullptr’ was not declared in this scope
/home/nicholas.carter/.node-gyp/4.0.0/include/node/v8.h: In member function ‘v8::Local<T> v8::MaybeLocal<T>::ToLocalChecked()’:
/home/nicholas.carter/.node-gyp/4.0.0/include/node/v8.h:7151: error: ‘nullptr’ was not declared in this scope
In file included from ../node_modules/nan/nan.h:190,
                 from ../src/bufferutil.cc:17:
../node_modules/nan/nan_maybe_43_inl.h: At global scope:
../node_modules/nan/nan_maybe_43_inl.h:13: error: expected unqualified-id before ‘using’
../node_modules/nan/nan_maybe_43_inl.h:16: error: expected unqualified-id before ‘using’
../node_modules/nan/nan_maybe_43_inl.h:19: error: expected initializer before ‘<’ token
../node_modules/nan/nan_maybe_43_inl.h:24: error: expected initializer before ‘<’ token
../node_modules/nan/nan_maybe_43_inl.h:31: error: expected initializer before ‘<’ token
../node_modules/nan/nan_maybe_43_inl.h:36: error: expected initializer before ‘<’ token
../node_modules/nan/nan_maybe_43_inl.h:41: error: expected initializer before ‘<’ token
../node_modules/nan/nan_maybe_43_inl.h:46: error: expected initializer before ‘<’ token
../node_modules/nan/nan_maybe_43_inl.h:51: error: expected initializer before ‘<’ token
../node_modules/nan/nan_maybe_43_inl.h:59: error: expected initializer before ‘<’ token
../node_modules/nan/nan_maybe_43_inl.h:64: error: expected initializer before ‘<’ token
../node_modules/nan/nan_maybe_43_inl.h:69: error: expected initializer before ‘<’ token
../node_modules/nan/nan_maybe_43_inl.h:76: error: expected initializer before ‘<’ token
../node_modules/nan/nan_maybe_43_inl.h:83: error: expected initializer before ‘<’ token
../node_modules/nan/nan_maybe_43_inl.h:91: error: expected initializer before ‘<’ token
../node_modules/nan/nan_maybe_43_inl.h:98: error: expected initializer before ‘<’ token
../node_modules/nan/nan_maybe_43_inl.h:108: error: expected initializer before ‘<’ token
../node_modules/nan/nan_maybe_43_inl.h:114: error: expected initializer before ‘<’ token
../node_modules/nan/nan_maybe_43_inl.h:118: error: expected initializer before ‘<’ token
../node_modules/nan/nan_maybe_43_inl.h:125: error: expected initializer before ‘<’ token
../node_modules/nan/nan_maybe_43_inl.h:130: error: expected initializer before ‘<’ token
../node_modules/nan/nan_maybe_43_inl.h:135: error: expected initializer before ‘<’ token
../node_modules/nan/nan_maybe_43_inl.h:139: error: expected initializer before ‘<’ token
../node_modules/nan/nan_maybe_43_inl.h:145: error: expected initializer before ‘<’ token
../node_modules/nan/nan_maybe_43_inl.h:150: error: expected initializer before ‘<’ token
../node_modules/nan/nan_maybe_43_inl.h:156: error: expected initializer before ‘<’ token
../node_modules/nan/nan_maybe_43_inl.h:162: error: expected initializer before ‘<’ token
../node_modules/nan/nan_maybe_43_inl.h:168: error: expected initializer before ‘<’ token
../node_modules/nan/nan_maybe_43_inl.h:174: error: expected initializer before ‘<’ token
../node_modules/nan/nan_maybe_43_inl.h:180: error: expected initializer before ‘<’ token
../node_modules/nan/nan_maybe_43_inl.h:186: error: expected initializer before ‘<’ token
../node_modules/nan/nan_maybe_43_inl.h:194: error: expected initializer before ‘<’ token
../node_modules/nan/nan_maybe_43_inl.h:201: error: expected initializer before ‘<’ token
../node_modules/nan/nan_maybe_43_inl.h:205: error: expected initializer before ‘<’ token
../node_modules/nan/nan_maybe_43_inl.h:209: error: expected initializer before ‘<’ token
../node_modules/nan/nan_maybe_43_inl.h:213: error: expected initializer before ‘<’ token
../node_modules/nan/nan_maybe_43_inl.h:217: error: expected initializer before ‘<’ token
../node_modules/nan/nan_maybe_43_inl.h:237: error: expected initializer before ‘<’ token
In file included from ../node_modules/nan/nan.h:195,
                 from ../src/bufferutil.cc:17:
../node_modules/nan/nan_converters.h:14: error: ISO C++ forbids declaration of ‘MaybeLocal’ with no type
../node_modules/nan/nan_converters.h:14: error: expected ‘;’ before ‘<’ token
../node_modules/nan/nan_converters.h:16: error: ISO C++ forbids declaration of ‘Maybe’ with no type
../node_modules/nan/nan_converters.h:16: error: expected ‘;’ before ‘<’ token
../node_modules/nan/nan_converters.h:26: error: ‘return_t’ does not name a type
../node_modules/nan/nan_converters.h:27: error: ‘return_t’ does not name a type
../node_modules/nan/nan_converters.h:28: error: ‘return_t’ does not name a type
../node_modules/nan/nan_converters.h:29: error: ‘return_t’ does not name a type
../node_modules/nan/nan_converters.h:30: error: ‘return_t’ does not name a type
../node_modules/nan/nan_converters.h:31: error: ‘return_t’ does not name a type
../node_modules/nan/nan_converters.h:32: error: ‘return_t’ does not name a type
../node_modules/nan/nan_converters.h:42: error: ‘return_t’ does not name a type
../node_modules/nan/nan_converters.h:43: error: ‘return_t’ does not name a type
../node_modules/nan/nan_converters.h:44: error: ‘return_t’ does not name a type
../node_modules/nan/nan_converters.h:45: error: ‘return_t’ does not name a type
../node_modules/nan/nan_converters.h:46: error: ‘return_t’ does not name a type
In file included from ../node_modules/nan/nan_converters.h:59,
                 from ../node_modules/nan/nan.h:195,
                 from ../src/bufferutil.cc:17:
../node_modules/nan/nan_converters_43_inl.h:18: error: ‘return_t’ in class ‘Nan::imp::ToFactory<v8::Boolean>’ does not name a type
../node_modules/nan/nan_converters_43_inl.h:19: error: ‘return_t’ in class ‘Nan::imp::ToFactory<v8::Number>’ does not name a type
../node_modules/nan/nan_converters_43_inl.h:20: error: ‘return_t’ in class ‘Nan::imp::ToFactory<v8::String>’ does not name a type
../node_modules/nan/nan_converters_43_inl.h:21: error: ‘return_t’ in class ‘Nan::imp::ToFactory<v8::Object>’ does not name a type
../node_modules/nan/nan_converters_43_inl.h:22: error: ‘return_t’ in class ‘Nan::imp::ToFactory<v8::Integer>’ does not name a type
../node_modules/nan/nan_converters_43_inl.h:23: error: ‘return_t’ in class ‘Nan::imp::ToFactory<v8::Uint32>’ does not name a type
../node_modules/nan/nan_converters_43_inl.h:24: error: ‘return_t’ in class ‘Nan::imp::ToFactory<v8::Int32>’ does not name a type
../node_modules/nan/nan_converters_43_inl.h:34: error: ‘return_t’ in class ‘Nan::imp::ToFactory<bool>’ does not name a type
../node_modules/nan/nan_converters_43_inl.h:35: error: ‘return_t’ in class ‘Nan::imp::ToFactory<double>’ does not name a type
../node_modules/nan/nan_converters_43_inl.h:36: error: ‘return_t’ in class ‘Nan::imp::ToFactory<long int>’ does not name a type
../node_modules/nan/nan_converters_43_inl.h:37: error: ‘return_t’ in class ‘Nan::imp::ToFactory<unsigned int>’ does not name a type
../node_modules/nan/nan_converters_43_inl.h:38: error: ‘return_t’ in class ‘Nan::imp::ToFactory<int>’ does not name a type
In file included from ../node_modules/nan/nan.h:196,
                 from ../src/bufferutil.cc:17:
../node_modules/nan/nan_new.h: In function ‘v8::Local<T> Nan::imp::To(v8::Local<v8::Integer>) [with T = v8::Integer]’:
../node_modules/nan/nan_new.h:21: error: no matching function for call to ‘To(v8::Local<v8::Integer>&)’
../node_modules/nan/nan_new.h: In function ‘v8::Local<T> Nan::imp::To(v8::Local<v8::Integer>) [with T = v8::Int32]’:
../node_modules/nan/nan_new.h:28: error: no matching function for call to ‘To(v8::Local<v8::Integer>&)’
../node_modules/nan/nan_new.h: In function ‘v8::Local<T> Nan::imp::To(v8::Local<v8::Integer>) [with T = v8::Uint32]’:
../node_modules/nan/nan_new.h:35: error: no matching function for call to ‘To(v8::Local<v8::Integer>&)’
../node_modules/nan/nan_new.h: At global scope:
../node_modules/nan/nan_new.h:43: error: ISO C++ forbids declaration of ‘MaybeLocal’ with no type
../node_modules/nan/nan_new.h:43: error: expected ‘;’ before ‘<’ token
../node_modules/nan/nan_new.h:75: error: ‘return_t’ does not name a type
../node_modules/nan/nan_new.h:141: error: ‘return_t’ does not name a type
../node_modules/nan/nan_new.h:147: error: ‘return_t’ does not name a type
../node_modules/nan/nan_new.h:148: error: ‘return_t’ does not name a type
../node_modules/nan/nan_new.h:160: error: ‘return_t’ does not name a type
../node_modules/nan/nan_new.h:161: error: ‘return_t’ does not name a type
../node_modules/nan/nan_new.h:162: error: ‘return_t’ does not name a type
../node_modules/nan/nan_new.h:163: error: ‘return_t’ does not name a type
../node_modules/nan/nan_new.h:165: error: ‘return_t’ does not name a type
../node_modules/nan/nan_new.h:166: error: ‘return_t’ does not name a type
../node_modules/nan/nan_new.h:182: error: ‘return_t’ does not name a type
../node_modules/nan/nan_new.h:183: error: ‘return_t’ does not name a type
In file included from ../node_modules/nan/nan_new.h:189,
                 from ../node_modules/nan/nan.h:196,
                 from ../src/bufferutil.cc:17:
../node_modules/nan/nan_implementation_12_inl.h:61: error: ‘return_t’ in class ‘Nan::imp::Factory<v8::Date>’ does not name a type
../node_modules/nan/nan_implementation_12_inl.h: In static member function ‘static v8::Local<v8::Function> Nan::imp::Factory<v8::Function>::New(void (*)(const Nan::FunctionCallbackInfo<v8::Value>&), v8::Local<v8::Value>)’:
../node_modules/nan/nan_implementation_12_inl.h:95: error: ‘NewInstance’ was not declared in this scope
../node_modules/nan/nan_implementation_12_inl.h: In static member function ‘static v8::Local<v8::FunctionTemplate> Nan::imp::Factory<v8::FunctionTemplate>::New(void (*)(const Nan::FunctionCallbackInfo<v8::Value>&), v8::Local<v8::Value>, v8::Local<v8::Signature>)’:
../node_modules/nan/nan_implementation_12_inl.h:123: error: ‘NewInstance’ was not declared in this scope
../node_modules/nan/nan_implementation_12_inl.h: At global scope:
../node_modules/nan/nan_implementation_12_inl.h:202: error: ‘return_t’ in class ‘Nan::imp::Factory<v8::RegExp>’ does not name a type
../node_modules/nan/nan_implementation_12_inl.h:221: error: ‘return_t’ in class ‘Nan::imp::Factory<v8::Script>’ does not name a type
../node_modules/nan/nan_implementation_12_inl.h:227: error: ‘return_t’ in class ‘Nan::imp::Factory<v8::Script>’ does not name a type
../node_modules/nan/nan_implementation_12_inl.h:259: error: ‘return_t’ in class ‘Nan::imp::Factory<v8::String>’ does not name a type
../node_modules/nan/nan_implementation_12_inl.h:267: error: ‘return_t’ in class ‘Nan::imp::Factory<v8::String>’ does not name a type
../node_modules/nan/nan_implementation_12_inl.h:273: error: ‘return_t’ in class ‘Nan::imp::Factory<v8::String>’ does not name a type
../node_modules/nan/nan_implementation_12_inl.h:280: error: ‘return_t’ in class ‘Nan::imp::Factory<v8::String>’ does not name a type
../node_modules/nan/nan_implementation_12_inl.h:286: error: ‘return_t’ in class ‘Nan::imp::Factory<v8::String>’ does not name a type
../node_modules/nan/nan_implementation_12_inl.h:291: error: ‘return_t’ in class ‘Nan::imp::Factory<v8::String>’ does not name a type
../node_modules/nan/nan_implementation_12_inl.h:352: error: ‘return_t’ in class ‘Nan::imp::Factory<v8::UnboundScript>’ does not name a type
../node_modules/nan/nan_implementation_12_inl.h:359: error: ‘return_t’ in class ‘Nan::imp::Factory<v8::UnboundScript>’ does not name a type
In file included from ../node_modules/nan/nan.h:196,
                 from ../src/bufferutil.cc:17:
../node_modules/nan/nan_new.h:293: error: ‘return_t’ in class ‘Nan::imp::Factory<v8::String>’ does not name a type
../node_modules/nan/nan_new.h:299: error: ‘return_t’ in class ‘Nan::imp::Factory<v8::String>’ does not name a type
../node_modules/nan/nan_new.h:305: error: ‘return_t’ in class ‘Nan::imp::Factory<v8::String>’ does not name a type
../node_modules/nan/nan_new.h:311: error: ‘return_t’ in class ‘Nan::imp::Factory<v8::String>’ does not name a type
../node_modules/nan/nan_new.h:317: error: ‘return_t’ in class ‘Nan::imp::Factory<v8::String>’ does not name a type
../node_modules/nan/nan_new.h:323: error: ‘return_t’ in class ‘Nan::imp::Factory<v8::String>’ does not name a type
../node_modules/nan/nan_new.h:329: error: ‘return_t’ in class ‘Nan::imp::Factory<v8::String>’ does not name a type
../node_modules/nan/nan_new.h:335: error: ‘return_t’ in class ‘Nan::imp::Factory<v8::RegExp>’ does not name a type
In file included from ../src/bufferutil.cc:17:
../node_modules/nan/nan.h: In function ‘v8::Local<v8::Value> Nan::Error(const char*)’:
../node_modules/nan/nan.h:655: error: ‘class v8::Local<v8::Boolean>’ has no member named ‘ToLocalChecked’
../node_modules/nan/nan.h: In function ‘void Nan::ThrowError(const char*)’:
../node_modules/nan/nan.h:655: error: ‘class v8::Local<v8::Boolean>’ has no member named ‘ToLocalChecked’
../node_modules/nan/nan.h: In function ‘v8::Local<v8::Value> Nan::RangeError(const char*)’:
../node_modules/nan/nan.h:656: error: ‘class v8::Local<v8::Boolean>’ has no member named ‘ToLocalChecked’
../node_modules/nan/nan.h: In function ‘void Nan::ThrowRangeError(const char*)’:
../node_modules/nan/nan.h:656: error: ‘class v8::Local<v8::Boolean>’ has no member named ‘ToLocalChecked’
../node_modules/nan/nan.h: In function ‘v8::Local<v8::Value> Nan::ReferenceError(const char*)’:
../node_modules/nan/nan.h:657: error: ‘class v8::Local<v8::Boolean>’ has no member named ‘ToLocalChecked’
../node_modules/nan/nan.h: In function ‘void Nan::ThrowReferenceError(const char*)’:
../node_modules/nan/nan.h:657: error: ‘class v8::Local<v8::Boolean>’ has no member named ‘ToLocalChecked’
../node_modules/nan/nan.h: In function ‘v8::Local<v8::Value> Nan::SyntaxError(const char*)’:
../node_modules/nan/nan.h:658: error: ‘class v8::Local<v8::Boolean>’ has no member named ‘ToLocalChecked’
../node_modules/nan/nan.h: In function ‘void Nan::ThrowSyntaxError(const char*)’:
../node_modules/nan/nan.h:658: error: ‘class v8::Local<v8::Boolean>’ has no member named ‘ToLocalChecked’
../node_modules/nan/nan.h: In function ‘v8::Local<v8::Value> Nan::TypeError(const char*)’:
../node_modules/nan/nan.h:659: error: ‘class v8::Local<v8::Boolean>’ has no member named ‘ToLocalChecked’
../node_modules/nan/nan.h: In function ‘void Nan::ThrowTypeError(const char*)’:
../node_modules/nan/nan.h:659: error: ‘class v8::Local<v8::Boolean>’ has no member named ‘ToLocalChecked’
../node_modules/nan/nan.h: At global scope:
../node_modules/nan/nan.h:667: error: expected initializer before ‘<’ token
../node_modules/nan/nan.h:689: error: expected initializer before ‘<’ token
../node_modules/nan/nan.h:705: error: expected initializer before ‘<’ token
../node_modules/nan/nan.h:718: error: expected initializer before ‘<’ token
../node_modules/nan/nan.h:735: error: expected initializer before ‘<’ token
../node_modules/nan/nan.h:741: error: expected initializer before ‘<’ token
../node_modules/nan/nan.h:749: error: expected initializer before ‘<’ token
../node_modules/nan/nan.h:756: error: expected initializer before ‘<’ token
../node_modules/nan/nan.h:762: error: expected initializer before ‘<’ token
../node_modules/nan/nan.h: In member function ‘void Nan::AsyncWorker::SaveToPersistent(const char*, const v8::Local<v8::Value>&)’:
../node_modules/nan/nan.h:1507: error: ‘class v8::Local<v8::Boolean>’ has no member named ‘ToLocalChecked’
../node_modules/nan/nan.h: In member function ‘v8::Local<v8::Value> Nan::AsyncWorker::GetFromPersistent(const char*) const’:
../node_modules/nan/nan.h:1525: error: ‘class v8::Local<v8::Boolean>’ has no member named ‘ToLocalChecked’
../node_modules/nan/nan.h: In member function ‘virtual void Nan::AsyncWorker::HandleErrorCallback()’:
../node_modules/nan/nan.h:1559: error: no matching function for call to ‘New(const char*)’
../node_modules/nan/nan.h: In function ‘void Nan::imp::SetMethodAux(T, v8::Local<v8::String>, v8::Local<v8::FunctionTemplate>, ...)’:
../node_modules/nan/nan.h:1870: error: there are no arguments to ‘GetFunction’ that depend on a template parameter, so a declaration of ‘GetFunction’ must be available
../node_modules/nan/nan.h:1870: note: (if you use ‘-fpermissive’, G++ will accept your code, but allowing the use of an undeclared name is deprecated)
../node_modules/nan/nan.h: In function ‘void Nan::SetMethod(HandleType<T>, const char*, void (*)(const Nan::FunctionCallbackInfo<v8::Value>&))’:
../node_modules/nan/nan.h:1882: error: ‘class v8::Local<v8::Boolean>’ has no member named ‘ToLocalChecked’
../node_modules/nan/nan.h: In function ‘void Nan::SetPrototypeMethod(v8::Local<v8::FunctionTemplate>, const char*, void (*)(const Nan::FunctionCallbackInfo<v8::Value>&))’:
../node_modules/nan/nan.h:1897: error: ‘class v8::Local<v8::Boolean>’ has no member named ‘ToLocalChecked’
../node_modules/nan/nan.h: In function ‘void Nan::SetAccessor(v8::Local<v8::ObjectTemplate>, v8::Local<v8::String>, void (*)(v8::Local<v8::String>, const Nan::PropertyCallbackInfo<v8::Value>&), void (*)(v8::Local<v8::String>, v8::Local<v8::Value>, const Nan::PropertyCallbackInfo<void>&), v8::Local<v8::Value>, v8::AccessControl, v8::PropertyAttribute, Nan::imp::Sig)’:
../node_modules/nan/nan.h:1922: error: ‘NewInstance’ was not declared in this scope
../node_modules/nan/nan.h: In function ‘bool Nan::SetAccessor(v8::Local<v8::Object>, v8::Local<v8::String>, void (*)(v8::Local<v8::String>, const Nan::PropertyCallbackInfo<v8::Value>&), void (*)(v8::Local<v8::String>, v8::Local<v8::Value>, const Nan::PropertyCallbackInfo<void>&), v8::Local<v8::Value>, v8::AccessControl, v8::PropertyAttribute)’:
../node_modules/nan/nan.h:1965: error: ‘NewInstance’ was not declared in this scope
../node_modules/nan/nan.h: In function ‘void Nan::SetNamedPropertyHandler(v8::Local<v8::ObjectTemplate>, void (*)(v8::Local<v8::String>, const Nan::PropertyCallbackInfo<v8::Value>&), void (*)(v8::Local<v8::String>, v8::Local<v8::Value>, const Nan::PropertyCallbackInfo<v8::Value>&), void (*)(v8::Local<v8::String>, const Nan::PropertyCallbackInfo<v8::Integer>&), void (*)(v8::Local<v8::String>, const Nan::PropertyCallbackInfo<v8::Boolean>&), void (*)(const Nan::PropertyCallbackInfo<v8::Array>&), v8::Local<v8::Value>)’:
../node_modules/nan/nan.h:2024: error: ‘NewInstance’ was not declared in this scope
../node_modules/nan/nan.h: In function ‘void Nan::SetIndexedPropertyHandler(v8::Local<v8::ObjectTemplate>, void (*)(uint32_t, const Nan::PropertyCallbackInfo<v8::Value>&), void (*)(uint32_t, v8::Local<v8::Value>, const Nan::PropertyCallbackInfo<v8::Value>&), void (*)(uint32_t, const Nan::PropertyCallbackInfo<v8::Integer>&), void (*)(uint32_t, const Nan::PropertyCallbackInfo<v8::Boolean>&), void (*)(const Nan::PropertyCallbackInfo<v8::Array>&), v8::Local<v8::Value>)’:
../node_modules/nan/nan.h:2094: error: ‘NewInstance’ was not declared in this scope
../node_modules/nan/nan.h: In function ‘void Nan::SetCallHandler(v8::Local<v8::FunctionTemplate>, void (*)(const Nan::FunctionCallbackInfo<v8::Value>&), v8::Local<v8::Value>)’:
../node_modules/nan/nan.h:2149: error: ‘NewInstance’ was not declared in this scope
../node_modules/nan/nan.h: In function ‘void Nan::SetCallAsFunctionHandler(v8::Local<v8::ObjectTemplate>, void (*)(const Nan::FunctionCallbackInfo<v8::Value>&), v8::Local<v8::Value>)’:
../node_modules/nan/nan.h:2171: error: ‘NewInstance’ was not declared in this scope
In file included from ../src/bufferutil.cc:17:
../node_modules/nan/nan.h: In function ‘void Nan::Export(Nan::ADDON_REGISTER_FUNCTION_ARGS_TYPE, const char*, void (*)(const Nan::FunctionCallbackInfo<v8::Value>&))’:
../node_modules/nan/nan.h:2198: error: no matching function for call to ‘New(const char*&)’
../node_modules/nan/nan.h:2199: error: ‘GetFunction’ was not declared in this scope
/home/nicholas.carter/.node-gyp/4.0.0/include/node/v8.h:3021: error: argument dependent lookup finds ‘class v8::Set’
../node_modules/nan/nan.h:2199: error:   in call to ‘Set’
../node_modules/nan/nan.h: In constructor ‘Nan::Tap::Tap(v8::Local<v8::Value>)’:
../node_modules/nan/nan.h:2206: error: no matching function for call to ‘To(v8::Local<v8::Value>&)’
../node_modules/nan/nan.h: In member function ‘void Nan::Tap::ok(bool, const char*)’:
../node_modules/nan/nan.h:2219: error: ‘class v8::Local<v8::Boolean>’ has no member named ‘ToLocalChecked’
../node_modules/nan/nan.h: In member function ‘void Nan::Tap::pass(const char*)’:
../node_modules/nan/nan.h:2225: error: ‘class v8::Local<v8::Boolean>’ has no member named ‘ToLocalChecked’
../node_modules/nan/nan.h: At global scope:
../node_modules/nan/nan.h:2249: error: ISO C++ forbids declaration of ‘MaybeLocal’ with no type
../node_modules/nan/nan.h:2249: error: expected ‘;’ before ‘<’ token
../node_modules/nan/nan.h:2252: error: expected ‘;’ before ‘}’ token
../node_modules/nan/nan.h:2254: error: ‘MaybeLocal’ was not declared in this scope
../node_modules/nan/nan.h:2254: error: template argument 1 is invalid
../node_modules/nan/nan.h:2254: error: expected unqualified-id before ‘>’ token
../node_modules/nan/nan.h:2263: error: expected constructor, destructor, or type conversion before ‘<’ token
../src/bufferutil.cc:26: error: ‘v8::Handle’ has not been declared
../src/bufferutil.cc:26: error: expected ‘,’ or ‘...’ before ‘<’ token
../src/bufferutil.cc: In static member function ‘static void BufferUtil::Initialize(int)’:
../src/bufferutil.cc:34: error: ‘Set’ is not a member of ‘Nan’
../src/bufferutil.cc:34: error: ‘target’ was not declared in this scope
../src/bufferutil.cc:34: error: no matching function for call to ‘New(const char [11])’
../src/bufferutil.cc: At global scope:
../src/bufferutil.cc:115: error: variable or field ‘init’ declared void
../src/bufferutil.cc:115: error: ‘Handle’ was not declared in this scope
../src/bufferutil.cc:115: error: expected primary-expression before ‘>’ token
../src/bufferutil.cc:115: error: ‘target’ was not declared in this scope
../src/bufferutil.cc:121: error: ‘init’ was not declared in this scope
../src/bufferutil.cc:121: error: too many initializers for ‘node::node_module’
make: *** [Release/obj.target/bufferutil/src/bufferutil.o] Error 1
gyp ERR! build error 
gyp ERR! stack Error: `make` failed with exit code: 2
gyp ERR! stack     at ChildProcess.onExit (/usr/local/lib/node_modules/npm/node_modules/node-gyp/lib/build.js:270:23)
gyp ERR! stack     at emitTwo (events.js:87:13)
gyp ERR! stack     at ChildProcess.emit (events.js:172:7)
gyp ERR! stack     at Process.ChildProcess._handle.onexit (internal/child_process.js:200:12)
gyp ERR! System Linux 2.6.32-573.18.1.el6.x86_64
gyp ERR! command "/usr/local/bin/node" "/usr/local/lib/node_modules/npm/node_modules/node-gyp/bin/node-gyp.js" "rebuild"
gyp ERR! cwd /mnt/pdrive/Colleague Area/Nick/nodejs/propPortal/node_modules/pushbullet/node_modules/websocket
gyp ERR! node -v v4.0.0
gyp ERR! node-gyp -v v3.0.1
gyp ERR! not ok 
